D:\VS\Microsoft Visual Studio\2022\Community\MSBuild\Microsoft\VC\v170\Microsoft.CppBuild.targets(534,5): warning MSB8028: The intermediate directory (Debug\) contains files shared from another project (Lesson09.vcxproj).  This can lead to incorrect clean and rebuild behavior.
  Demo.cpp
D:\backupfilkom\Kuliah Filkom\Filkom-UB\Semester 7\Grafika\Tugas Akhir\vs\Lesson09\Demo.cpp(3592,18): warning C4305: '+=': truncation from 'double' to 'float'
D:\backupfilkom\Kuliah Filkom\Filkom-UB\Semester 7\Grafika\Tugas Akhir\vs\Lesson09\Demo.cpp(3600,30): warning C4305: '-=': truncation from 'double' to 'float'
D:\backupfilkom\Kuliah Filkom\Filkom-UB\Semester 7\Grafika\Tugas Akhir\vs\Lesson09\Demo.cpp(3601,14): warning C4305: '+=': truncation from 'double' to 'float'
D:\backupfilkom\Kuliah Filkom\Filkom-UB\Semester 7\Grafika\Tugas Akhir\vs\Lesson09\Demo.cpp(3608,18): warning C4305: '-=': truncation from 'double' to 'float'
D:\backupfilkom\Kuliah Filkom\Filkom-UB\Semester 7\Grafika\Tugas Akhir\vs\Lesson09\Demo.cpp(3616,30): warning C4305: '-=': truncation from 'double' to 'float'
D:\backupfilkom\Kuliah Filkom\Filkom-UB\Semester 7\Grafika\Tugas Akhir\vs\Lesson09\Demo.cpp(3617,14): warning C4305: '+=': truncation from 'double' to 'float'
D:\backupfilkom\Kuliah Filkom\Filkom-UB\Semester 7\Grafika\Tugas Akhir\vs\Lesson09\Demo.cpp(3624,18): warning C4305: '-=': truncation from 'double' to 'float'
D:\backupfilkom\Kuliah Filkom\Filkom-UB\Semester 7\Grafika\Tugas Akhir\vs\Lesson09\Demo.cpp(3632,30): warning C4305: '-=': truncation from 'double' to 'float'
D:\backupfilkom\Kuliah Filkom\Filkom-UB\Semester 7\Grafika\Tugas Akhir\vs\Lesson09\Demo.cpp(3633,14): warning C4305: '+=': truncation from 'double' to 'float'
D:\backupfilkom\Kuliah Filkom\Filkom-UB\Semester 7\Grafika\Tugas Akhir\vs\Lesson09\Demo.cpp(3640,18): warning C4305: '+=': truncation from 'double' to 'float'
D:\backupfilkom\Kuliah Filkom\Filkom-UB\Semester 7\Grafika\Tugas Akhir\vs\Lesson09\Demo.cpp(3648,30): warning C4305: '-=': truncation from 'double' to 'float'
D:\backupfilkom\Kuliah Filkom\Filkom-UB\Semester 7\Grafika\Tugas Akhir\vs\Lesson09\Demo.cpp(3649,14): warning C4305: '+=': truncation from 'double' to 'float'
LINK : warning LNK4098: defaultlib 'MSVCRT' conflicts with use of other libs; use /NODEFAULTLIB:library
SOIL.lib(image_DXT.obj) : warning LNK4099: PDB 'vc110.pdb' was not found with 'SOIL.lib(image_DXT.obj)' or at 'D:\backupfilkom\Kuliah Filkom\Filkom-UB\Semester 7\Grafika\Tugas Akhir\vs\Debug\vc110.pdb'; linking object as if no debug info
SOIL.lib(image_helper.obj) : warning LNK4099: PDB 'vc110.pdb' was not found with 'SOIL.lib(image_helper.obj)' or at 'D:\backupfilkom\Kuliah Filkom\Filkom-UB\Semester 7\Grafika\Tugas Akhir\vs\Debug\vc110.pdb'; linking object as if no debug info
SOIL.lib(SOIL.obj) : warning LNK4099: PDB 'vc110.pdb' was not found with 'SOIL.lib(SOIL.obj)' or at 'D:\backupfilkom\Kuliah Filkom\Filkom-UB\Semester 7\Grafika\Tugas Akhir\vs\Debug\vc110.pdb'; linking object as if no debug info
SOIL.lib(stb_image_aug.obj) : warning LNK4099: PDB 'vc110.pdb' was not found with 'SOIL.lib(stb_image_aug.obj)' or at 'D:\backupfilkom\Kuliah Filkom\Filkom-UB\Semester 7\Grafika\Tugas Akhir\vs\Debug\vc110.pdb'; linking object as if no debug info
  Lesson09.vcxproj -> D:\backupfilkom\Kuliah Filkom\Filkom-UB\Semester 7\Grafika\Tugas Akhir\vs\Debug\Tugas Akhir.exe
